\BOOKMARK [0][-]{chapter.1}{Einleitung}{}% 1
\BOOKMARK [1][-]{section.1.1}{Motivation}{chapter.1}% 2
\BOOKMARK [1][-]{section.1.2}{Aufgabenstellung}{chapter.1}% 3
\BOOKMARK [0][-]{chapter.2}{Grundlagen}{}% 4
\BOOKMARK [1][-]{section.2.1}{Ethernet}{chapter.2}% 5
\BOOKMARK [1][-]{section.2.2}{IP}{chapter.2}% 6
\BOOKMARK [1][-]{section.2.3}{TCP}{chapter.2}% 7
\BOOKMARK [1][-]{section.2.4}{DHCP}{chapter.2}% 8
\BOOKMARK [1][-]{section.2.5}{AMIDAR}{chapter.2}% 9
\BOOKMARK [0][-]{chapter.3}{Implementierung}{}% 10
\BOOKMARK [1][-]{section.3.1}{\334berblick}{chapter.3}% 11
\BOOKMARK [1][-]{section.3.2}{TCP Stack}{chapter.3}% 12
\BOOKMARK [1][-]{section.3.3}{IP Stack}{chapter.3}% 13
\BOOKMARK [1][-]{section.3.4}{DHCP}{chapter.3}% 14
\BOOKMARK [1][-]{section.3.5}{Stream Sockets}{chapter.3}% 15
\BOOKMARK [0][-]{chapter.4}{Evaluation}{}% 16
\BOOKMARK [1][-]{section.4.1}{Testaufbau}{chapter.4}% 17
\BOOKMARK [1][-]{section.4.2}{Funktionen}{chapter.4}% 18
\BOOKMARK [1][-]{section.4.3}{Performanz}{chapter.4}% 19
\BOOKMARK [0][-]{chapter.5}{Zusammenfassung}{}% 20
\BOOKMARK [1][-]{section.5.1}{Fazit}{chapter.5}% 21
\BOOKMARK [1][-]{section.5.2}{Ausblick}{chapter.5}% 22
